<?xml version="1.0" encoding="UTF-8"?>
<testng-results ignored="0" total="1" passed="1" failed="0" skipped="0">
  <reporter-output>
  </reporter-output>
  <suite started-at="2021-12-16T17:41:42 IST" name="Default suite" finished-at="2021-12-16T17:41:43 IST" duration-ms="506">
    <groups>
    </groups>
    <test started-at="2021-12-16T17:41:42 IST" name="Default test" finished-at="2021-12-16T17:41:43 IST" duration-ms="506">
      <class name="ChromeTwo.ExtentThree">
        <test-method signature="logintest()[pri:0, instance:ChromeTwo.ExtentThree@15eb5ee5]" started-at="2021-12-16T17:41:42 IST" name="logintest" finished-at="2021-12-16T17:41:43 IST" duration-ms="460" status="PASS">
          <reporter-output>
          </reporter-output>
        </test-method> <!-- logintest -->
      </class> <!-- ChromeTwo.ExtentThree -->
    </test> <!-- Default test -->
  </suite> <!-- Default suite -->
</testng-results>
